<?xml version="1.0" encoding="UTF-8"?>
<testsuite xmlns:xsi="http://www.w3.org/2001/XMLSchema-instance" xsi:noNamespaceSchemaLocation="https://maven.apache.org/surefire/maven-surefire-plugin/xsd/surefire-test-report-3.0.xsd" version="3.0" name="TestSuite" time="169.12" tests="9" errors="0" skipped="0" failures="0">
  <properties>
    <property name="java.specification.version" value="24"/>
    <property name="sun.jnu.encoding" value="UTF-8"/>
    <property name="java.class.path" value="/workspace/LamdatestPlayWright101/target/test-classes:/workspace/LamdatestPlayWright101/target/classes:/workspace/m2-repository/com/microsoft/playwright/playwright/1.49.0/playwright-1.49.0.jar:/workspace/m2-repository/com/google/code/gson/gson/2.11.0/gson-2.11.0.jar:/workspace/m2-repository/com/google/errorprone/error_prone_annotations/2.27.0/error_prone_annotations-2.27.0.jar:/workspace/m2-repository/org/opentest4j/opentest4j/1.3.0/opentest4j-1.3.0.jar:/workspace/m2-repository/com/microsoft/playwright/driver/1.49.0/driver-1.49.0.jar:/workspace/m2-repository/com/microsoft/playwright/driver-bundle/1.49.0/driver-bundle-1.49.0.jar:/workspace/m2-repository/org/testng/testng/6.14.2/testng-6.14.2.jar:/workspace/m2-repository/com/beust/jcommander/1.72/jcommander-1.72.jar:/workspace/m2-repository/org/apache-extras/beanshell/bsh/2.0b6/bsh-2.0b6.jar:"/>
    <property name="java.vm.vendor" value="Eclipse Adoptium"/>
    <property name="sun.arch.data.model" value="64"/>
    <property name="java.vendor.url" value="https://adoptium.net/"/>
    <property name="user.timezone" value="Etc/UTC"/>
    <property name="os.name" value="Linux"/>
    <property name="java.vm.specification.version" value="24"/>
    <property name="sun.java.launcher" value="SUN_STANDARD"/>
    <property name="user.country" value="US"/>
    <property name="sun.boot.library.path" value="/workspace/.vscode-remote/data/User/globalStorage/pleiades.java-extension-pack-jdk/java/latest/lib"/>
    <property name="sun.java.command" value="/workspace/LamdatestPlayWright101/target/surefire/surefirebooter-20250327144040887_3.jar /workspace/LamdatestPlayWright101/target/surefire 2025-03-27T14-40-40_784-jvmRun1 surefire-20250327144040887_1tmp surefire_0-20250327144040887_2tmp"/>
    <property name="jdk.debug" value="release"/>
    <property name="surefire.test.class.path" value="/workspace/LamdatestPlayWright101/target/test-classes:/workspace/LamdatestPlayWright101/target/classes:/workspace/m2-repository/com/microsoft/playwright/playwright/1.49.0/playwright-1.49.0.jar:/workspace/m2-repository/com/google/code/gson/gson/2.11.0/gson-2.11.0.jar:/workspace/m2-repository/com/google/errorprone/error_prone_annotations/2.27.0/error_prone_annotations-2.27.0.jar:/workspace/m2-repository/org/opentest4j/opentest4j/1.3.0/opentest4j-1.3.0.jar:/workspace/m2-repository/com/microsoft/playwright/driver/1.49.0/driver-1.49.0.jar:/workspace/m2-repository/com/microsoft/playwright/driver-bundle/1.49.0/driver-bundle-1.49.0.jar:/workspace/m2-repository/org/testng/testng/6.14.2/testng-6.14.2.jar:/workspace/m2-repository/com/beust/jcommander/1.72/jcommander-1.72.jar:/workspace/m2-repository/org/apache-extras/beanshell/bsh/2.0b6/bsh-2.0b6.jar:"/>
    <property name="sun.cpu.endian" value="little"/>
    <property name="user.home" value="/home/gitpod"/>
    <property name="user.language" value="en"/>
    <property name="java.specification.vendor" value="Oracle Corporation"/>
    <property name="java.version.date" value="2025-03-18"/>
    <property name="java.home" value="/workspace/.vscode-remote/data/User/globalStorage/pleiades.java-extension-pack-jdk/java/latest"/>
    <property name="file.separator" value="/"/>
    <property name="basedir" value="/workspace/LamdatestPlayWright101"/>
    <property name="java.vm.compressedOopsMode" value="Zero based"/>
    <property name="line.separator" value="&#10;"/>
    <property name="java.specification.name" value="Java Platform API Specification"/>
    <property name="java.vm.specification.vendor" value="Oracle Corporation"/>
    <property name="surefire.real.class.path" value="/workspace/LamdatestPlayWright101/target/surefire/surefirebooter-20250327144040887_3.jar"/>
    <property name="sun.management.compiler" value="HotSpot 64-Bit Tiered Compilers"/>
    <property name="java.runtime.version" value="24+36"/>
    <property name="user.name" value="gitpod"/>
    <property name="stdout.encoding" value="UTF-8"/>
    <property name="path.separator" value=":"/>
    <property name="os.version" value="6.1.91-060191-generic"/>
    <property name="java.runtime.name" value="OpenJDK Runtime Environment"/>
    <property name="file.encoding" value="UTF-8"/>
    <property name="java.vm.name" value="OpenJDK 64-Bit Server VM"/>
    <property name="java.vendor.version" value="Temurin-24+36"/>
    <property name="localRepository" value="/workspace/m2-repository"/>
    <property name="java.vendor.url.bug" value="https://github.com/adoptium/adoptium-support/issues"/>
    <property name="java.io.tmpdir" value="/tmp"/>
    <property name="java.version" value="24"/>
    <property name="user.dir" value="/workspace/LamdatestPlayWright101"/>
    <property name="os.arch" value="amd64"/>
    <property name="java.vm.specification.name" value="Java Virtual Machine Specification"/>
    <property name="native.encoding" value="UTF-8"/>
    <property name="java.library.path" value="/usr/java/packages/lib:/usr/lib64:/lib64:/lib:/usr/lib"/>
    <property name="java.vm.info" value="mixed mode, sharing"/>
    <property name="stderr.encoding" value="UTF-8"/>
    <property name="java.vendor" value="Eclipse Adoptium"/>
    <property name="java.vm.version" value="24+36"/>
    <property name="sun.io.unicode.encoding" value="UnicodeLittle"/>
    <property name="java.class.version" value="68.0"/>
  </properties>
  <testcase name="test_scenario1" classname="Playwright.PlaywrightTest101" time="2.546">
    <system-out><![CDATA[Welcome to LambdaTest
]]></system-out>
  </testcase>
  <testcase name="test_scenario1" classname="Playwright.PlaywrightTest101" time="2.549">
    <system-out><![CDATA[Welcome to LambdaTest
]]></system-out>
  </testcase>
  <testcase name="test_scenario1" classname="Playwright.PlaywrightTest101" time="1.851">
    <system-out><![CDATA[Welcome to LambdaTest
]]></system-out>
  </testcase>
  <testcase name="test_scenario2" classname="Playwright.PlaywrightTest101" time="3.716"/>
  <testcase name="test_scenario2" classname="Playwright.PlaywrightTest101" time="3.581"/>
  <testcase name="test_scenario2" classname="Playwright.PlaywrightTest101" time="5.139"/>
  <testcase name="test_scenario3" classname="Playwright.PlaywrightTest101" time="1.633"/>
  <testcase name="test_scenario3" classname="Playwright.PlaywrightTest101" time="6.003"/>
  <testcase name="test_scenario3" classname="Playwright.PlaywrightTest101" time="5.824"/>
</testsuite>