<?xml version="1.0" encoding="UTF-8"?>
<!-- Generated by org.testng.reporters.JUnitReportReporter -->
<testsuite hostname="PSL-4Q3WC63" failures="0" tests="9" name="Playwright.PlaywrightTest101" time="310.513" errors="0" timestamp="26 Mar 2025 20:43:52 GMT" skipped="0">
  <testcase classname="Playwright.PlaywrightTest101" name="test_scenario1" time="69.893"/>
  <testcase classname="Playwright.PlaywrightTest101" name="test_scenario1" time="15.751"/>
  <testcase classname="Playwright.PlaywrightTest101" name="test_scenario1" time="46.978"/>
  <testcase classname="Playwright.PlaywrightTest101" name="test_scenario2" time="37.504"/>
  <testcase classname="Playwright.PlaywrightTest101" name="test_scenario2" time="27.192"/>
  <testcase classname="Playwright.PlaywrightTest101" name="test_scenario2" time="24.870"/>
  <testcase classname="Playwright.PlaywrightTest101" name="test_scenario3" time="23.875"/>
  <testcase classname="Playwright.PlaywrightTest101" name="test_scenario3" time="29.642"/>
  <testcase classname="Playwright.PlaywrightTest101" name="test_scenario3" time="34.808"/>
</testsuite> <!-- Playwright.PlaywrightTest101 -->
