<?xml version="1.0" encoding="UTF-8"?>
<!-- Generated by org.testng.reporters.JUnitReportReporter -->
<testsuite hostname="PSL-4Q3WC63" failures="0" tests="6" name="Playwright.Playwrighttest1" time="173.202" errors="0" timestamp="26 Mar 2025 20:29:46 GMT" skipped="0">
  <testcase classname="Playwright.Playwrighttest1" name="test_scenario1" time="24.729"/>
  <testcase classname="Playwright.Playwrighttest1" name="test_scenario1" time="41.615"/>
  <testcase classname="Playwright.Playwrighttest1" name="test_scenario2" time="28.890"/>
  <testcase classname="Playwright.Playwrighttest1" name="test_scenario2" time="21.418"/>
  <testcase classname="Playwright.Playwrighttest1" name="test_scenario3" time="29.118"/>
  <testcase classname="Playwright.Playwrighttest1" name="test_scenario3" time="27.432"/>
</testsuite> <!-- Playwright.Playwrighttest1 -->
