<?xml version="1.0" encoding="UTF-8"?>
<!-- Generated by org.testng.reporters.JUnitReportReporter -->
<testsuite hostname="yimic69-lamdatestplaywr-otq4h4hzdt0" failures="0" tests="9" name="Playwright.PlaywrightTest101" time="322.745" errors="0" timestamp="27 Mar 2025 14:43:30 GMT" skipped="0">
  <testcase classname="Playwright.PlaywrightTest101" name="test_scenario1" time="23.193"/>
  <testcase classname="Playwright.PlaywrightTest101" name="test_scenario1" time="13.093"/>
  <testcase classname="Playwright.PlaywrightTest101" name="test_scenario1" time="34.203"/>
  <testcase classname="Playwright.PlaywrightTest101" name="test_scenario2" time="49.548"/>
  <testcase classname="Playwright.PlaywrightTest101" name="test_scenario2" time="17.567"/>
  <testcase classname="Playwright.PlaywrightTest101" name="test_scenario2" time="16.337"/>
  <testcase classname="Playwright.PlaywrightTest101" name="test_scenario3" time="117.038"/>
  <testcase classname="Playwright.PlaywrightTest101" name="test_scenario3" time="18.168"/>
  <testcase classname="Playwright.PlaywrightTest101" name="test_scenario3" time="33.598"/>
</testsuite> <!-- Playwright.PlaywrightTest101 -->
